INFO [2023-07-21 13:37:36] $x
INFO [2023-07-21 13:37:36] list(voomNSC = genes.vnsc, NSC = genes.pam, PLDA = genes.plda, 
INFO [2023-07-21 13:37:36]     PLDA2 = genes.plda2)
INFO [2023-07-21 13:37:36] 
INFO [2023-07-21 13:37:36] $height
INFO [2023-07-21 13:37:36] [1] 1200
INFO [2023-07-21 13:37:36] 
INFO [2023-07-21 13:37:36] $width
INFO [2023-07-21 13:37:36] [1] 1200
INFO [2023-07-21 13:37:36] 
INFO [2023-07-21 13:37:36] $resolution
INFO [2023-07-21 13:37:36] [1] 200
INFO [2023-07-21 13:37:36] 
INFO [2023-07-21 13:37:36] $filename
INFO [2023-07-21 13:37:36] [1] "Selected_features.png"
INFO [2023-07-21 13:37:36] 
INFO [2023-07-21 13:37:36] $imagetype
INFO [2023-07-21 13:37:36] [1] "png"
INFO [2023-07-21 13:37:36] 
INFO [2023-07-21 13:37:36] $col
INFO [2023-07-21 13:37:36] [1] "black"
INFO [2023-07-21 13:37:36] 
INFO [2023-07-21 13:37:36] $fill
INFO [2023-07-21 13:37:36] c("khaki1", "skyblue", "tomato3", "darkolivegreen3")
INFO [2023-07-21 13:37:36] 
INFO [2023-07-21 13:37:36] $alpha
INFO [2023-07-21 13:37:36] [1] 0.5
INFO [2023-07-21 13:37:36] 
INFO [2023-07-21 13:37:36] $cat.cex
INFO [2023-07-21 13:37:36] [1] 1.2
INFO [2023-07-21 13:37:36] 
INFO [2023-07-21 13:37:36] $cex
INFO [2023-07-21 13:37:36] [1] 1.5
INFO [2023-07-21 13:37:36] 
INFO [2023-07-21 13:37:36] $cat.fontface
INFO [2023-07-21 13:37:36] [1] "bold"
INFO [2023-07-21 13:37:36] 
