INFO [2023-07-21 13:37:45] $x
INFO [2023-07-21 13:37:45] list(voomNSC = genes.vnsc, NSC = genes.pam, PLDA = genes.plda, 
INFO [2023-07-21 13:37:45]     PLDA2 = genes.plda2)
INFO [2023-07-21 13:37:45] 
INFO [2023-07-21 13:37:45] $height
INFO [2023-07-21 13:37:45] [1] 1200
INFO [2023-07-21 13:37:45] 
INFO [2023-07-21 13:37:45] $width
INFO [2023-07-21 13:37:45] [1] 1200
INFO [2023-07-21 13:37:45] 
INFO [2023-07-21 13:37:45] $resolution
INFO [2023-07-21 13:37:45] [1] 200
INFO [2023-07-21 13:37:45] 
INFO [2023-07-21 13:37:45] $filename
INFO [2023-07-21 13:37:45] [1] "Selected_features.png"
INFO [2023-07-21 13:37:45] 
INFO [2023-07-21 13:37:45] $imagetype
INFO [2023-07-21 13:37:45] [1] "png"
INFO [2023-07-21 13:37:45] 
INFO [2023-07-21 13:37:45] $col
INFO [2023-07-21 13:37:45] [1] "black"
INFO [2023-07-21 13:37:45] 
INFO [2023-07-21 13:37:45] $fill
INFO [2023-07-21 13:37:45] c("khaki1", "skyblue", "tomato3", "darkolivegreen3")
INFO [2023-07-21 13:37:45] 
INFO [2023-07-21 13:37:45] $alpha
INFO [2023-07-21 13:37:45] [1] 0.5
INFO [2023-07-21 13:37:45] 
INFO [2023-07-21 13:37:45] $cat.cex
INFO [2023-07-21 13:37:45] [1] 1.2
INFO [2023-07-21 13:37:45] 
INFO [2023-07-21 13:37:45] $cex
INFO [2023-07-21 13:37:45] [1] 1.5
INFO [2023-07-21 13:37:45] 
INFO [2023-07-21 13:37:45] $cat.fontface
INFO [2023-07-21 13:37:45] [1] "bold"
INFO [2023-07-21 13:37:45] 
